<?xml version="1.0" encoding="UTF-8" ?>
<testsuite tests="5" failures="2" name="TestSuite" time="249.703" errors="0" skipped="2">
  <properties>
    <property name="java.vendor" value="Oracle Corporation"/>
    <property name="JOB_NAME" value="mavenlocal"/>
    <property name="sun.java.launcher" value="SUN_STANDARD"/>
    <property name="NUMBER_OF_PROCESSORS" value="4"/>
    <property name="sun.management.compiler" value="HotSpot 64-Bit Tiered Compilers"/>
    <property name="JENKINS_HOME" value="C:\Users\HousingManUI\.jenkins"/>
    <property name="HUDSON_SERVER_COOKIE" value="cb16015ef73ec9fb"/>
    <property name="POM_ARTIFACTID" value="FlipkartHybridFramework"/>
    <property name="os.name" value="Windows 8.1"/>
    <property name="sun.boot.class.path" value="C:\Program Files\Java\jdk1.8.0_71\jre\lib\resources.jar;C:\Program Files\Java\jdk1.8.0_71\jre\lib\rt.jar;C:\Program Files\Java\jdk1.8.0_71\jre\lib\sunrsasign.jar;C:\Program Files\Java\jdk1.8.0_71\jre\lib\jsse.jar;C:\Program Files\Java\jdk1.8.0_71\jre\lib\jce.jar;C:\Program Files\Java\jdk1.8.0_71\jre\lib\charsets.jar;C:\Program Files\Java\jdk1.8.0_71\jre\lib\jfr.jar;C:\Program Files\Java\jdk1.8.0_71\jre\classes"/>
    <property name="EXECUTOR_NUMBER" value="0"/>
    <property name="sun.desktop" value="windows"/>
    <property name="PATHEXT" value=".COM;.EXE;.BAT;.CMD;.VBS;.VBE;.JS;.JSE;.WSF;.WSH;.MSC"/>
    <property name="java.vm.specification.vendor" value="Oracle Corporation"/>
    <property name="POM_DISPLAYNAME" value="FlipkartHybridFramework"/>
    <property name="NODE_LABELS" value="master"/>
    <property name="TEMP" value="C:\Users\HOUSIN~1\AppData\Local\Temp"/>
    <property name="java.runtime.version" value="1.8.0_71-b15"/>
    <property name="ANT_HOME" value="C:\Users\HousingManUI\Desktop\Suryah\Testing\Software\apache-ant-1.9.7"/>
    <property name="user.name" value="HousingManUI"/>
    <property name="guice.disable.misplaced.annotation.check" value="true"/>
    <property name="CommonProgramW6432" value="C:\Program Files\Common Files"/>
    <property name="ProgramFiles" value="C:\Program Files"/>
    <property name="PROMPT" value="$P$G"/>
    <property name="user.language" value="en"/>
    <property name="JOB_BASE_NAME" value="mavenlocal"/>
    <property name="RUN_CHANGES_DISPLAY_URL" value="http://localhost:8080/job/mavenlocal/2/display/redirect?page=changes"/>
    <property name="BUILD_DISPLAY_NAME" value="#2"/>
    <property name="sun.boot.library.path" value="C:\Program Files\Java\jdk1.8.0_71\jre\bin"/>
    <property name="LOCALAPPDATA" value="C:\Users\HousingManUI\AppData\Local"/>
    <property name="java.version" value="1.8.0_71"/>
    <property name="PROCESSOR_LEVEL" value="6"/>
    <property name="user.timezone" value="Asia/Calcutta"/>
    <property name="USERNAME" value="HousingManUI"/>
    <property name="sun.arch.data.model" value="64"/>
    <property name="NODE_NAME" value="master"/>
    <property name="java.endorsed.dirs" value="C:\Program Files\Java\jdk1.8.0_71\jre\lib\endorsed"/>
    <property name="UOIPME_REG_PATH" value="C:\Program Files\Intel Corporation\USB over IP"/>
    <property name="BUILD_ID" value="2"/>
    <property name="sun.cpu.isalist" value="amd64"/>
    <property name="sun.jnu.encoding" value="Cp1252"/>
    <property name="file.encoding.pkg" value="sun.io"/>
    <property name="file.separator" value="\"/>
    <property name="java.specification.name" value="Java Platform API Specification"/>
    <property name="HOMEDRIVE" value="C:"/>
    <property name="java.class.version" value="52.0"/>
    <property name="=::" value="::\"/>
    <property name="org.slf4j.simpleLogger.defaultLogLevel" value="info"/>
    <property name="user.country" value="IN"/>
    <property name="ALLUSERSPROFILE" value="C:\ProgramData"/>
    <property name="java.home" value="C:\Program Files\Java\jdk1.8.0_71\jre"/>
    <property name="java.vm.info" value="mixed mode"/>
    <property name="os.version" value="6.3"/>
    <property name="=ExitCode" value="00000082"/>
    <property name="RUN_DISPLAY_URL" value="http://localhost:8080/job/mavenlocal/2/display/redirect"/>
    <property name="POM_VERSION" value="1.0-SNAPSHOT"/>
    <property name="TMP" value="C:\Users\HOUSIN~1\AppData\Local\Temp"/>
    <property name="path.separator" value=";"/>
    <property name="java.vm.version" value="25.71-b15"/>
    <property name="user.variant" value=""/>
    <property name="JOB_DISPLAY_URL" value="http://localhost:8080/job/mavenlocal/display/redirect"/>
    <property name="CommonProgramFiles(x86)" value="C:\Program Files (x86)\Common Files"/>
    <property name="USERDOMAIN_ROAMINGPROFILE" value="HousingMan"/>
    <property name="java.awt.printerjob" value="sun.awt.windows.WPrinterJob"/>
    <property name="FP_NO_HOST_CHECK" value="NO"/>
    <property name="JAVA_HOME" value="C:\Program Files\Java\jdk1.8.0_71"/>
    <property name="sun.io.unicode.encoding" value="UnicodeLittle"/>
    <property name="CommonProgramFiles" value="C:\Program Files\Common Files"/>
    <property name="ComSpec" value="C:\Windows\system32\cmd.exe"/>
    <property name="HOMEPATH" value="\Users\HousingManUI"/>
    <property name="awt.toolkit" value="sun.awt.windows.WToolkit"/>
    <property name="POM_PACKAGING" value="jar"/>
    <property name="asl.log" value="Destination=file"/>
    <property name="user.script" value=""/>
    <property name="COMPUTERNAME" value="HOUSINGMAN"/>
    <property name="POM_GROUPID" value="com.flipkartHybrid"/>
    <property name="user.home" value="C:\Users\HousingManUI"/>
    <property name="PUBLIC" value="C:\Users\Public"/>
    <property name="BUILD_TAG" value="jenkins-mavenlocal-2"/>
    <property name="JENKINS_SERVER_COOKIE" value="cb16015ef73ec9fb"/>
    <property name="HUDSON_URL" value="http://localhost:8080/"/>
    <property name="ProgramData" value="C:\ProgramData"/>
    <property name="java.specification.vendor" value="Oracle Corporation"/>
    <property name="USERPROFILE" value="C:\Users\HousingManUI"/>
    <property name="CLASSPATH" value=""/>
    <property name="java.vendor.url" value="http://java.oracle.com/"/>
    <property name="java.library.path" value="C:\Program Files\Java\jdk1.8.0_71\bin;C:\Windows\Sun\Java\bin;C:\Windows\system32;C:\Windows;C:\Users\HousingManUI\Desktop\Suryah\Testing\Software\apache-maven-3.3.9/bin;C:\Program Files\Java\jdk1.8.0_71/bin;C:\Program Files\Java\jdk1.8.0_71/bin;C:\Program Files (x86)\PC Connectivity Solution\;C:\ProgramData\Oracle\Java\javapath;C:\Program Files (x86)\Intel\iCLS Client\;C:\Program Files\Intel\iCLS Client\;C:\Windows\system32;C:\Windows;C:\Windows\System32\Wbem;C:\Windows\System32\WindowsPowerShell\v1.0\;C:\Program Files\Intel\Intel(R) Management Engine Components\DAL;C:\Program Files (x86)\Intel\Intel(R) Management Engine Components\DAL;C:\Program Files\Intel\Intel(R) Management Engine Components\IPT;C:\Program Files (x86)\Intel\Intel(R) Management Engine Components\IPT;C:\Program Files\Intel\WiFi\bin\;C:\Program Files\Common Files\Intel\WirelessCommon\;C:\Program Files (x86)\nodejs\;C:\Program Files (x86)\Common Files\lenovo\easyplussdk\bin;C:\Users\HousingManUI\Desktop\Suryah\Testing\Software\apache-ant-1.9.7\bin;C:\Users\HousingManUI\Desktop\Suryah\Testing\Software\apache-maven-3.3.9\bin;C:\Program Files (x86)\Skype\Phone\;C:\Program Files\Git\cmd;C:\RailsInstaller\Git\cmd;C:\RailsInstaller\Ruby2.1.0\bin;C:\Users\HousingManUI\AppData\Roaming\npm;C:\Program Files (x86)\Java\jre7\bin;."/>
    <property name="java.vm.vendor" value="Oracle Corporation"/>
    <property name="APPDATA" value="C:\Users\HousingManUI\AppData\Roaming"/>
    <property name="java.runtime.name" value="Java(TM) SE Runtime Environment"/>
    <property name="maven.home" value="C:\Users\HousingManUI\Desktop\Suryah\Testing\Software\apache-maven-3.3.9"/>
    <property name="java.class.path" value="C:\Users\HousingManUI\.jenkins\plugins\maven-plugin\WEB-INF\lib\maven33-agent-1.11.jar;C:\Users\HousingManUI\Desktop\Suryah\Testing\Software\apache-maven-3.3.9\boot\plexus-classworlds-2.5.2.jar;C:\Users\HousingManUI\Desktop\Suryah\Testing\Software\apache-maven-3.3.9/conf/logging"/>
    <property name="sun.java.command" value="jenkins.maven3.agent.Maven33Main C:\Users\HousingManUI\Desktop\Suryah\Testing\Software\apache-maven-3.3.9 C:\Users\HousingManUI\.jenkins\war\WEB-INF\lib\remoting-3.10.jar C:\Users\HousingManUI\.jenkins\plugins\maven-plugin\WEB-INF\lib\maven33-interceptor-1.11.jar C:\Users\HousingManUI\.jenkins\plugins\maven-plugin\WEB-INF\lib\maven3-interceptor-commons-1.11.jar 61079"/>
    <property name="Path" value="C:\Program Files\Java\jdk1.8.0_71/bin;C:\Program Files (x86)\PC Connectivity Solution\;C:\ProgramData\Oracle\Java\javapath;C:\Program Files (x86)\Intel\iCLS Client\;C:\Program Files\Intel\iCLS Client\;C:\Windows\system32;C:\Windows;C:\Windows\System32\Wbem;C:\Windows\System32\WindowsPowerShell\v1.0\;C:\Program Files\Intel\Intel(R) Management Engine Components\DAL;C:\Program Files (x86)\Intel\Intel(R) Management Engine Components\DAL;C:\Program Files\Intel\Intel(R) Management Engine Components\IPT;C:\Program Files (x86)\Intel\Intel(R) Management Engine Components\IPT;C:\Program Files\Intel\WiFi\bin\;C:\Program Files\Common Files\Intel\WirelessCommon\;C:\Program Files (x86)\nodejs\;C:\Program Files (x86)\Common Files\lenovo\easyplussdk\bin;C:\Users\HousingManUI\Desktop\Suryah\Testing\Software\apache-ant-1.9.7\bin;C:\Users\HousingManUI\Desktop\Suryah\Testing\Software\apache-maven-3.3.9\bin;C:\Program Files (x86)\Skype\Phone\;C:\Program Files\Git\cmd;C:\RailsInstaller\Git\cmd;C:\RailsInstaller\Ruby2.1.0\bin;C:\Users\HousingManUI\AppData\Roaming\npm;C:\Program Files (x86)\Java\jre7\bin"/>
    <property name="java.vm.specification.name" value="Java Virtual Machine Specification"/>
    <property name="PROCESSOR_ARCHITECTURE" value="AMD64"/>
    <property name="PATH+JDK" value="C:\Program Files\Java\jdk1.8.0_71/bin"/>
    <property name="PROCESSOR_IDENTIFIER" value="Intel64 Family 6 Model 61 Stepping 4, GenuineIntel"/>
    <property name="SESSIONNAME" value="Console"/>
    <property name="java.vm.specification.version" value="1.8"/>
    <property name="sun.os.patch.level" value=""/>
    <property name="sun.cpu.endian" value="little"/>
    <property name="M2_HOME" value="C:\Users\HousingManUI\Desktop\Suryah\Testing\Software\apache-maven-3.3.9"/>
    <property name="java.io.tmpdir" value="C:\Users\HOUSIN~1\AppData\Local\Temp\"/>
    <property name="OS" value="Windows_NT"/>
    <property name="HUDSON_HOME" value="C:\Users\HousingManUI\.jenkins"/>
    <property name="PATH+MAVEN" value="C:\Users\HousingManUI\Desktop\Suryah\Testing\Software\apache-maven-3.3.9/bin"/>
    <property name="ProgramFiles(x86)" value="C:\Program Files (x86)"/>
    <property name="BUILD_URL" value="http://localhost:8080/job/mavenlocal/2/"/>
    <property name="java.vendor.url.bug" value="http://bugreport.sun.com/bugreport/"/>
    <property name="java.awt.graphicsenv" value="sun.awt.Win32GraphicsEnvironment"/>
    <property name="os.arch" value="amd64"/>
    <property name="SystemRoot" value="C:\Windows"/>
    <property name="java.ext.dirs" value="C:\Program Files\Java\jdk1.8.0_71\jre\lib\ext;C:\Windows\Sun\Java\lib\ext"/>
    <property name="user.dir" value="C:\Users\HousingManUI\workspace\FlipkartHybridFramework"/>
    <property name="JOB_URL" value="http://localhost:8080/job/mavenlocal/"/>
    <property name="LOGONSERVER" value="\\HOUSINGMAN"/>
    <property name="USERDOMAIN" value="HousingMan"/>
    <property name="line.separator" value="
"/>
    <property name="MAVEN_HOME" value="C:\Users\HousingManUI\Desktop\Suryah\Testing\Software\apache-maven-3.3.9"/>
    <property name="java.vm.name" value="Java HotSpot(TM) 64-Bit Server VM"/>
    <property name="BUILD_NUMBER" value="2"/>
    <property name="JENKINS_URL" value="http://localhost:8080/"/>
    <property name="PROCESSOR_REVISION" value="3d04"/>
    <property name="ProgramW6432" value="C:\Program Files"/>
    <property name="windir" value="C:\Windows"/>
    <property name="=C:" value="C:\Users\HousingManUI\Desktop\Suryah\Testing\Software\Jenkins"/>
    <property name="file.encoding" value="Cp1252"/>
    <property name="SystemDrive" value="C:"/>
    <property name="maven3.interceptor" value="C:\Users\HousingManUI\.jenkins\plugins\maven-plugin\WEB-INF\lib\maven33-interceptor-1.11.jar"/>
    <property name="setpath" value="C:\Program Files\Java\jdk1.8.0_71\bin"/>
    <property name="WORKSPACE" value="C:\Users\HousingManUI\.jenkins\workspace\mavenlocal"/>
    <property name="maven3.interceptor.common" value="C:\Users\HousingManUI\.jenkins\plugins\maven-plugin\WEB-INF\lib\maven3-interceptor-commons-1.11.jar"/>
    <property name="java.specification.version" value="1.8"/>
    <property name="PSModulePath" value="C:\Windows\system32\WindowsPowerShell\v1.0\Modules\;C:\Program Files (x86)\AutoIt3\AutoItX"/>
    <property name="easyplussdk" value="&quot;C:\Program Files (x86)\Common Files\lenovo\easyplussdk\bin&quot;"/>
  </properties>
  <testcase classname="com.flipkartHybrid.LoginTest.LoginTest" name="login" time="51.338"/>
  <testcase classname="com.flipkartHybrid.LoginTest.LoginTest" name="login" time="122.717">
    <failure message="Failed - Got an Actual Result as Failure" type="java.lang.AssertionError">java.lang.AssertionError: Failed - Got an Actual Result as Failure
	at org.testng.Assert.fail(Assert.java:93)
	at com.flipkartHybrid.Keywords.executeKeywords(Keywords.java:62)
	at com.flipkartHybrid.LoginTest.LoginTest.login(LoginTest.java:38)
</failure>
    <system-out>LoginTest openBrowser  Chrome
LoginTest Navigate url null
https://www.flipkart.com/
LoginTest filpkartLogin  null
LoginTest verifyFilpkartLogin  null
false
</system-out>
    <system-err>Starting ChromeDriver 2.30.477700 (0057494ad8732195794a7b32078424f92a5fce41) on port 29729
Only local connections are allowed.
Aug 25, 2017 3:53:39 AM org.openqa.selenium.remote.ProtocolHandshake createSession
INFO: Detected dialect: OSS
</system-err>
  </testcase>
  <testcase classname="com.flipkartHybrid.LoginTest.LoginTest" name="login" time="0">
    <skipped/>
  </testcase>
  <testcase classname="com.flipkartHybrid.LoginTest.LoginTest" name="login" time="0">
    <skipped/>
  </testcase>
  <testcase classname="com.flipkartHybrid.Product.FilterMobileTest" name="login" time="75.648">
    <failure message="Failed to decode response from marionette
Build info: version: &apos;3.4.0&apos;, revision: &apos;unknown&apos;, time: &apos;unknown&apos;
System info: host: &apos;HOUSINGMAN&apos;, ip: &apos;192.168.0.2&apos;, os.name: &apos;Windows 8.1&apos;, os.arch: &apos;amd64&apos;, os.version: &apos;6.3&apos;, java.version: &apos;1.8.0_71&apos;
Driver info: driver.version: FirefoxDriver
remote stacktrace: stack backtrace:
   0:           0x4bd56f - &lt;no info&gt;
   1:           0x4bdcc9 - &lt;no info&gt;
   2:           0x449980 - &lt;no info&gt;
   3:           0x4207bc - &lt;no info&gt;
   4:           0x405e47 - &lt;no info&gt;
   5:           0x6db3d9 - &lt;no info&gt;
   6:           0x417847 - &lt;no info&gt;
   7:           0x6d56d3 - &lt;no info&gt;
   8:     0x7ffa709913d2 - BaseThreadInitThunk" type="org.openqa.selenium.WebDriverException">org.openqa.selenium.WebDriverException: Failed to decode response from marionette
Build info: version: &apos;3.4.0&apos;, revision: &apos;unknown&apos;, time: &apos;unknown&apos;
System info: host: &apos;HOUSINGMAN&apos;, ip: &apos;192.168.0.2&apos;, os.name: &apos;Windows 8.1&apos;, os.arch: &apos;amd64&apos;, os.version: &apos;6.3&apos;, java.version: &apos;1.8.0_71&apos;
Driver info: driver.version: FirefoxDriver
remote stacktrace: stack backtrace:
   0:           0x4bd56f - &lt;no info&gt;
   1:           0x4bdcc9 - &lt;no info&gt;
   2:           0x449980 - &lt;no info&gt;
   3:           0x4207bc - &lt;no info&gt;
   4:           0x405e47 - &lt;no info&gt;
   5:           0x6db3d9 - &lt;no info&gt;
   6:           0x417847 - &lt;no info&gt;
   7:           0x6d56d3 - &lt;no info&gt;
   8:     0x7ffa709913d2 - BaseThreadInitThunk
	at sun.reflect.NativeConstructorAccessorImpl.newInstance0(Native Method)
	at sun.reflect.NativeConstructorAccessorImpl.newInstance(NativeConstructorAccessorImpl.java:62)
	at sun.reflect.DelegatingConstructorAccessorImpl.newInstance(DelegatingConstructorAccessorImpl.java:45)
	at java.lang.reflect.Constructor.newInstance(Constructor.java:422)
	at org.openqa.selenium.remote.W3CHandshakeResponse.lambda$new$0(W3CHandshakeResponse.java:57)
	at org.openqa.selenium.remote.W3CHandshakeResponse.lambda$getResponseFunction$2(W3CHandshakeResponse.java:104)
	at org.openqa.selenium.remote.ProtocolHandshake.lambda$createSession$22(ProtocolHandshake.java:365)
	at java.util.stream.ReferencePipeline$3$1.accept(ReferencePipeline.java:193)
	at java.util.Spliterators$ArraySpliterator.tryAdvance(Spliterators.java:958)
	at java.util.stream.ReferencePipeline.forEachWithCancel(ReferencePipeline.java:126)
	at java.util.stream.AbstractPipeline.copyIntoWithCancel(AbstractPipeline.java:498)
	at java.util.stream.AbstractPipeline.copyInto(AbstractPipeline.java:485)
	at java.util.stream.AbstractPipeline.wrapAndCopyInto(AbstractPipeline.java:471)
	at java.util.stream.FindOps$FindOp.evaluateSequential(FindOps.java:152)
	at java.util.stream.AbstractPipeline.evaluate(AbstractPipeline.java:234)
	at java.util.stream.ReferencePipeline.findFirst(ReferencePipeline.java:464)
	at org.openqa.selenium.remote.ProtocolHandshake.createSession(ProtocolHandshake.java:368)
	at org.openqa.selenium.remote.ProtocolHandshake.createSession(ProtocolHandshake.java:159)
	at org.openqa.selenium.remote.HttpCommandExecutor.execute(HttpCommandExecutor.java:142)
	at org.openqa.selenium.remote.service.DriverCommandExecutor.execute(DriverCommandExecutor.java:82)
	at org.openqa.selenium.remote.RemoteWebDriver.execute(RemoteWebDriver.java:637)
	at org.openqa.selenium.remote.RemoteWebDriver.startSession(RemoteWebDriver.java:250)
	at org.openqa.selenium.remote.RemoteWebDriver.startSession(RemoteWebDriver.java:236)
	at org.openqa.selenium.remote.RemoteWebDriver.&lt;init&gt;(RemoteWebDriver.java:137)
	at org.openqa.selenium.firefox.FirefoxDriver.&lt;init&gt;(FirefoxDriver.java:191)
	at org.openqa.selenium.firefox.FirefoxDriver.&lt;init&gt;(FirefoxDriver.java:108)
	at org.openqa.selenium.firefox.FirefoxDriver.&lt;init&gt;(FirefoxDriver.java:104)
	at com.flipkartHybrid.GenericKeywords.openBrowser(GenericKeywords.java:49)
	at com.flipkartHybrid.Keywords.executeKeywords(Keywords.java:38)
	at com.flipkartHybrid.Product.FilterMobileTest.login(FilterMobileTest.java:38)
</failure>
    <system-out>4
1
Number of Datas 1
Number of Cols 4
FilterMobile openBrowser  Mozilla
</system-out>
    <system-err>1503613519037	geckodriver	INFO	Listening on 127.0.0.1:33993
1503613519111	geckodriver::marionette	INFO	Starting browser C:\Program Files (x86)\Mozilla Firefox\firefox.exe with args [&quot;-marionette&quot;]
1503613579904	Marionette	INFO	Ceased listening
1503613581199	Marionette	INFO	Listening on port 61429
</system-err>
  </testcase>
</testsuite>