<?xml version="1.0" encoding="UTF-8"?>
<!-- Generated by org.testng.reporters.JUnitReportReporter -->
<testsuite skipped="3" hostname="HousingMan" name="com.flipkartHybrid.LoginTest.changePassword" tests="3" failures="0" timestamp="24 Aug 2017 20:16:20 GMT" time="0.013" errors="0">
  <testcase name="changePasswo" time="0.002" classname="com.flipkartHybrid.LoginTest.changePassword">
    <skipped/>
  </testcase> <!-- changePasswo -->
  <testcase name="changePasswo" time="0.002" classname="com.flipkartHybrid.LoginTest.changePassword">
    <skipped/>
  </testcase> <!-- changePasswo -->
  <testcase name="changePasswo" time="0.009" classname="com.flipkartHybrid.LoginTest.changePassword">
    <skipped/>
  </testcase> <!-- changePasswo -->
</testsuite> <!-- com.flipkartHybrid.LoginTest.changePassword -->
