<?xml version="1.0" encoding="UTF-8"?>
<!-- Generated by org.testng.reporters.JUnitReportReporter -->
<testsuite skipped="0" hostname="HousingMan" name="com.flipkartHybrid.Product.FilterMobileTest" tests="1" failures="0" timestamp="24 Aug 2017 20:16:20 GMT" time="41.079" errors="0">
  <testcase name="login" time="41.079" classname="com.flipkartHybrid.Product.FilterMobileTest"/>
</testsuite> <!-- com.flipkartHybrid.Product.FilterMobileTest -->
